#
# There is insufficient memory for the Java Runtime Environment to continue.
# Native memory allocation (malloc) failed to allocate 1880944 bytes for Chunk::new
# Possible reasons:
#   The system is out of physical RAM or swap space
#   The process is running with CompressedOops enabled, and the Java Heap may be blocking the growth of the native heap
# Possible solutions:
#   Reduce memory load on the system
#   Increase physical memory or swap space
#   Check if swap backing store is full
#   Decrease Java heap size (-Xmx/-Xms)
#   Decrease number of Java threads
#   Decrease Java thread stack sizes (-Xss)
#   Set larger code cache with -XX:ReservedCodeCacheSize=
#   JVM is running with Unscaled Compressed Oops mode in which the Java heap is
#     placed in the first 4GB address space. The Java Heap base address is the
#     maximum limit for the native heap growth. Please use -XX:HeapBaseMinAddress
#     to set the Java Heap base and to place the Java Heap above 4GB virtual address.
# This output file may be truncated or incomplete.
#
#  Out of Memory Error (./open/src/hotspot/share/memory/arena.cpp:195), pid=13084, tid=15172
#
# JRE version: Java(TM) SE Runtime Environment (15.0.1+9) (build 15.0.1+9-18)
# Java VM: Java HotSpot(TM) 64-Bit Server VM (15.0.1+9-18, mixed mode, sharing, tiered, compressed oops, g1 gc, windows-amd64)
# No core dump will be written. Minidumps are not enabled by default on client versions of Windows
#

---------------  S U M M A R Y ------------

Command Line: --add-opens=java.base/java.util=ALL-UNNAMED --add-opens=java.base/java.lang=ALL-UNNAMED --add-opens=java.base/java.lang.invoke=ALL-UNNAMED --add-opens=java.base/java.util=ALL-UNNAMED --add-opens=java.prefs/java.util.prefs=ALL-UNNAMED --add-opens=java.prefs/java.util.prefs=ALL-UNNAMED --add-opens=java.base/java.nio.charset=ALL-UNNAMED --add-opens=java.base/java.net=ALL-UNNAMED --add-opens=java.base/java.util.concurrent.atomic=ALL-UNNAMED -XX:MaxMetaspaceSize=256m -XX:+HeapDumpOnOutOfMemoryError -Xms256m -Xmx512m -Dfile.encoding=UTF-8 -Duser.country=KR -Duser.language=ko -Duser.variant org.gradle.launcher.daemon.bootstrap.GradleDaemon 7.5.1

Host: Intel(R) Core(TM) i5-7200U CPU @ 2.50GHz, 4 cores, 7G,  Windows 10 , 64 bit Build 19041 (10.0.19041.2251)
Time: Thu Nov 24 16:29:24 2022 대한민국 표준시 elapsed time: 12.908796 seconds (0d 0h 0m 12s)

---------------  T H R E A D  ---------------

Current thread (0x00000208f57da770):  JavaThread "C2 CompilerThread0" daemon [_thread_in_native, id=15172, stack(0x000000dacf900000,0x000000dacfa00000)]


Current CompileTask:
C2:  12909 3646       4       groovy.lang.MetaClassImpl$1MOPIter::methodNameAction (325 bytes)

Stack: [0x000000dacf900000,0x000000dacfa00000]
Native frames: (J=compiled Java code, j=interpreted, Vv=VM code, C=native code)
V  [jvm.dll+0x62ae9a]
V  [jvm.dll+0x781389]
V  [jvm.dll+0x782ae3]
V  [jvm.dll+0x783143]
V  [jvm.dll+0x216265]
V  [jvm.dll+0x97efa]
V  [jvm.dll+0x985dc]
V  [jvm.dll+0x32e525]
V  [jvm.dll+0x2f78aa]
V  [jvm.dll+0x2f6c6a]
V  [jvm.dll+0x1ea645]
V  [jvm.dll+0x1e98ae]
V  [jvm.dll+0x1784c7]
V  [jvm.dll+0x1f9165]
V  [jvm.dll+0x1f720c]
V  [jvm.dll+0x74485d]
V  [jvm.dll+0x73d65a]
V  [jvm.dll+0x629c56]
C  [ucrtbase.dll+0x21bb2]
C  [KERNEL32.DLL+0x174b4]
C  [ntdll.dll+0x526a1]


---------------  P R O C E S S  ---------------

Threads class SMR info:
_java_thread_list=0x00000208fb063470, length=37, elements={
0x00000208e7ea7cd0, 0x00000208f57b5380, 0x00000208f57b6600, 0x00000208f57d8700,
0x00000208f57d90c0, 0x00000208f57d9a80, 0x00000208f57da770, 0x00000208f57dd180,
0x00000208f57efa20, 0x00000208f61b1590, 0x00000208f61daa20, 0x00000208f8007a80,
0x00000208f7f2faf0, 0x00000208f8418640, 0x00000208f7d7c4c0, 0x00000208f7e13290,
0x00000208f8124070, 0x00000208f7b7e710, 0x00000208f7b7ebe0, 0x00000208f807e030,
0x00000208f807b010, 0x00000208f807be80, 0x00000208f807e500, 0x00000208f807c820,
0x00000208f8697720, 0x00000208f869d290, 0x00000208f8698a60, 0x00000208f869c8f0,
0x00000208f869a270, 0x00000208f86963e0, 0x00000208f869cdc0, 0x00000208f8698f30,
0x00000208f869c420, 0x00000208f86980c0, 0x00000208fa09d4b0, 0x00000208f8698590,
0x00000208f869b0e0
}

Java Threads: ( => current thread )
  0x00000208e7ea7cd0 JavaThread "main" [_thread_blocked, id=22188, stack(0x000000daced00000,0x000000dacee00000)]
  0x00000208f57b5380 JavaThread "Reference Handler" daemon [_thread_blocked, id=17112, stack(0x000000dacf400000,0x000000dacf500000)]
  0x00000208f57b6600 JavaThread "Finalizer" daemon [_thread_blocked, id=20748, stack(0x000000dacf500000,0x000000dacf600000)]
  0x00000208f57d8700 JavaThread "Signal Dispatcher" daemon [_thread_blocked, id=17904, stack(0x000000dacf600000,0x000000dacf700000)]
  0x00000208f57d90c0 JavaThread "Attach Listener" daemon [_thread_blocked, id=23000, stack(0x000000dacf700000,0x000000dacf800000)]
  0x00000208f57d9a80 JavaThread "Service Thread" daemon [_thread_blocked, id=7576, stack(0x000000dacf800000,0x000000dacf900000)]
=>0x00000208f57da770 JavaThread "C2 CompilerThread0" daemon [_thread_in_native, id=15172, stack(0x000000dacf900000,0x000000dacfa00000)]
  0x00000208f57dd180 JavaThread "C1 CompilerThread0" daemon [_thread_blocked, id=14508, stack(0x000000dacfa00000,0x000000dacfb00000)]
  0x00000208f57efa20 JavaThread "Sweeper thread" daemon [_thread_blocked, id=13788, stack(0x000000dacfb00000,0x000000dacfc00000)]
  0x00000208f61b1590 JavaThread "Common-Cleaner" daemon [_thread_blocked, id=19580, stack(0x000000dacfc00000,0x000000dacfd00000)]
  0x00000208f61daa20 JavaThread "Notification Thread" daemon [_thread_blocked, id=22980, stack(0x000000dacfd00000,0x000000dacfe00000)]
  0x00000208f8007a80 JavaThread "Daemon health stats" [_thread_blocked, id=1748, stack(0x000000dad0300000,0x000000dad0400000)]
  0x00000208f7f2faf0 JavaThread "Incoming local TCP Connector on port 59234" [_thread_in_native, id=13392, stack(0x000000dacff00000,0x000000dad0000000)]
  0x00000208f8418640 JavaThread "Daemon periodic checks" [_thread_blocked, id=12944, stack(0x000000dad0400000,0x000000dad0500000)]
  0x00000208f7d7c4c0 JavaThread "Daemon" [_thread_blocked, id=4132, stack(0x000000dad0500000,0x000000dad0600000)]
  0x00000208f7e13290 JavaThread "Handler for socket connection from /127.0.0.1:59234 to /127.0.0.1:59235" [_thread_in_native, id=12872, stack(0x000000dad0600000,0x000000dad0700000)]
  0x00000208f8124070 JavaThread "Cancel handler" [_thread_blocked, id=19140, stack(0x000000dad0700000,0x000000dad0800000)]
  0x00000208f7b7e710 JavaThread "Daemon worker" [_thread_blocked, id=18096, stack(0x000000dad0800000,0x000000dad0900000)]
  0x00000208f7b7ebe0 JavaThread "Asynchronous log dispatcher for DefaultDaemonConnection: socket connection from /127.0.0.1:59234 to /127.0.0.1:59235" [_thread_blocked, id=24048, stack(0x000000dad0900000,0x000000dad0a00000)]
  0x00000208f807e030 JavaThread "Stdin handler" [_thread_blocked, id=16776, stack(0x000000dad0a00000,0x000000dad0b00000)]
  0x00000208f807b010 JavaThread "Daemon client event forwarder" [_thread_blocked, id=23628, stack(0x000000dad0b00000,0x000000dad0c00000)]
  0x00000208f807be80 JavaThread "Cache worker for journal cache (C:\Users\qkdlf\.gradle\caches\journal-1)" [_thread_blocked, id=25404, stack(0x000000dad0c00000,0x000000dad0d00000)]
  0x00000208f807e500 JavaThread "File lock request listener" [_thread_in_native, id=22248, stack(0x000000dad0d00000,0x000000dad0e00000)]
  0x00000208f807c820 JavaThread "Cache worker for file hash cache (C:\Users\qkdlf\.gradle\caches\7.5.1\fileHashes)" [_thread_blocked, id=6472, stack(0x000000dad0e00000,0x000000dad0f00000)]
  0x00000208f8697720 JavaThread "File watcher server" daemon [_thread_in_native, id=25300, stack(0x000000dad0f00000,0x000000dad1000000)]
  0x00000208f869d290 JavaThread "File watcher consumer" daemon [_thread_blocked, id=21608, stack(0x000000dad1000000,0x000000dad1100000)]
  0x00000208f8698a60 JavaThread "Cache worker for checksums cache (C:\Users\qkdlf\Study\SpringBoot\springboot_practices\querydsl_demo\.gradle\7.5.1\checksums)" [_thread_blocked, id=9708, stack(0x000000dad1100000,0x000000dad1200000)]
  0x00000208f869c8f0 JavaThread "Cache worker for cache directory md-rule (C:\Users\qkdlf\.gradle\caches\7.5.1\md-rule)" [_thread_blocked, id=23952, stack(0x000000dad1300000,0x000000dad1400000)]
  0x00000208f869a270 JavaThread "Cache worker for file content cache (C:\Users\qkdlf\.gradle\caches\7.5.1\fileContent)" [_thread_blocked, id=9932, stack(0x000000dad1400000,0x000000dad1500000)]
  0x00000208f86963e0 JavaThread "Cache worker for file hash cache (C:\Users\qkdlf\Study\SpringBoot\springboot_practices\querydsl_demo\.gradle\7.5.1\fileHashes)" [_thread_blocked, id=24656, stack(0x000000dad1500000,0x000000dad1600000)]
  0x00000208f869cdc0 JavaThread "Cache worker for cache directory md-supplier (C:\Users\qkdlf\.gradle\caches\7.5.1\md-supplier)" [_thread_blocked, id=15288, stack(0x000000dad1600000,0x000000dad1700000)]
  0x00000208f8698f30 JavaThread "Cache worker for execution history cache (C:\Users\qkdlf\.gradle\caches\7.5.1\executionHistory)" [_thread_blocked, id=25256, stack(0x000000dad1700000,0x000000dad1800000)]
  0x00000208f869c420 JavaThread "jar transforms" [_thread_blocked, id=13404, stack(0x000000dad1200000,0x000000dad1300000)]
  0x00000208f86980c0 JavaThread "jar transforms Thread 2" [_thread_in_native, id=11680, stack(0x000000dad1800000,0x000000dad1900000)]
  0x00000208fa09d4b0 JavaThread "C2 CompilerThread1" daemon [_thread_blocked, id=11532, stack(0x000000dad1900000,0x000000dad1a00000)]
  0x00000208f8698590 JavaThread "jar transforms Thread 3" [_thread_blocked, id=15120, stack(0x000000dad1a00000,0x000000dad1b00000)]
  0x00000208f869b0e0 JavaThread "jar transforms Thread 4" [_thread_blocked, id=24628, stack(0x000000dad1b00000,0x000000dad1c00000)]

Other Threads:
  0x00000208f57b3450 VMThread "VM Thread" [stack: 0x000000dacf300000,0x000000dacf400000] [id=13528]
  0x00000208f6229340 WatcherThread [stack: 0x000000dacfe00000,0x000000dacff00000] [id=24660]
  0x00000208e7ecc170 GCTaskThread "GC Thread#0" [stack: 0x000000dacee00000,0x000000dacef00000] [id=23988]
  0x00000208f6871720 GCTaskThread "GC Thread#1" [stack: 0x000000dad0000000,0x000000dad0100000] [id=24144]
  0x00000208f6870a60 GCTaskThread "GC Thread#2" [stack: 0x000000dad0100000,0x000000dad0200000] [id=23312]
  0x00000208f68720b0 GCTaskThread "GC Thread#3" [stack: 0x000000dad0200000,0x000000dad0300000] [id=19292]
  0x00000208e7ed2f30 ConcurrentGCThread "G1 Main Marker" [stack: 0x000000dacef00000,0x000000dacf000000] [id=23132]
  0x00000208e7ed3770 ConcurrentGCThread "G1 Conc#0" [stack: 0x000000dacf000000,0x000000dacf100000] [id=17712]
  0x00000208e7f7cb30 ConcurrentGCThread "G1 Refine#0" [stack: 0x000000dacf100000,0x000000dacf200000] [id=24876]
  0x00000208e7f7d380 ConcurrentGCThread "G1 Young RemSet Sampling" [stack: 0x000000dacf200000,0x000000dacf300000] [id=4436]

Threads with active compile tasks:
C2 CompilerThread0    12997 3646       4       groovy.lang.MetaClassImpl$1MOPIter::methodNameAction (325 bytes)

VM state: not at safepoint (normal execution)

VM Mutex/Monitor currently owned by a thread: None

Heap address: 0x00000000e0000000, size: 512 MB, Compressed Oops mode: 32-bit
CDS archive(s) mapped at: [0x0000000800000000-0x0000000800b50000-0x0000000800b50000), size 11862016, SharedBaseAddress: 0x0000000800000000, ArchiveRelocationMode: 0.
Compressed class space mapped at: 0x0000000800b50000-0x0000000810350000, size: 260046848
Narrow klass base: 0x0000000800000000, Narrow klass shift: 3, Narrow klass range: 0x100000000

GC Precious Log:
 CPUs: 4 total, 4 available
 Memory: 8072M
 Large Page Support: Disabled
 NUMA Support: Disabled
 Compressed Oops: Enabled (32-bit)
 Heap Region Size: 1M
 Heap Min Capacity: 256M
 Heap Initial Capacity: 256M
 Heap Max Capacity: 512M
 Pre-touch: Disabled
 Parallel Workers: 4
 Concurrent Workers: 1
 Concurrent Refinement Workers: 4
 Periodic GC: Disabled

Heap:
 garbage-first heap   total 262144K, used 100890K [0x00000000e0000000, 0x0000000100000000)
  region size 1024K, 88 young (90112K), 11 survivors (11264K)
 Metaspace       used 32137K, capacity 32686K, committed 32944K, reserved 282624K
  class space    used 4297K, capacity 4490K, committed 4608K, reserved 253952K

Heap Regions: E=young(eden), S=young(survivor), O=old, HS=humongous(starts), HC=humongous(continues), CS=collection set, F=free, OA=open archive, CA=closed archive, TAMS=top-at-mark-start (previous, next)
|   0|0x00000000e0000000, 0x00000000e0100000, 0x00000000e0100000|100%|HS|  |TAMS 0x00000000e0100000, 0x00000000e0000000| Complete 
|   1|0x00000000e0100000, 0x00000000e0200000, 0x00000000e0200000|100%|HC|  |TAMS 0x00000000e0200000, 0x00000000e0100000| Complete 
|   2|0x00000000e0200000, 0x00000000e0300000, 0x00000000e0300000|100%|HC|  |TAMS 0x00000000e0300000, 0x00000000e0200000| Complete 
|   3|0x00000000e0300000, 0x00000000e0400000, 0x00000000e0400000|100%| O|  |TAMS 0x00000000e0400000, 0x00000000e0300000| Untracked 
|   4|0x00000000e0400000, 0x00000000e0500000, 0x00000000e0500000|100%| O|  |TAMS 0x00000000e0500000, 0x00000000e0400000| Untracked 
|   5|0x00000000e0500000, 0x00000000e0600000, 0x00000000e0600000|100%| O|  |TAMS 0x00000000e0600000, 0x00000000e0500000| Untracked 
|   6|0x00000000e0600000, 0x00000000e0700000, 0x00000000e0700000|100%| O|  |TAMS 0x00000000e0700000, 0x00000000e0600000| Untracked 
|   7|0x00000000e0700000, 0x00000000e0800000, 0x00000000e0800000|100%| O|  |TAMS 0x00000000e0800000, 0x00000000e0700000| Untracked 
|   8|0x00000000e0800000, 0x00000000e0900000, 0x00000000e0900000|100%| O|  |TAMS 0x00000000e0900000, 0x00000000e0800000| Untracked 
|   9|0x00000000e0900000, 0x00000000e0980400, 0x00000000e0a00000| 50%| O|  |TAMS 0x00000000e0980400, 0x00000000e0900000| Untracked 
|  10|0x00000000e0a00000, 0x00000000e0b00000, 0x00000000e0b00000|100%|HS|  |TAMS 0x00000000e0a00000, 0x00000000e0a00000| Complete 
|  11|0x00000000e0b00000, 0x00000000e0c00000, 0x00000000e0c00000|100%|HS|  |TAMS 0x00000000e0b00000, 0x00000000e0b00000| Complete 
|  12|0x00000000e0c00000, 0x00000000e0d00000, 0x00000000e0d00000|100%|HC|  |TAMS 0x00000000e0c00000, 0x00000000e0c00000| Complete 
|  13|0x00000000e0d00000, 0x00000000e0d00000, 0x00000000e0e00000|  0%| F|  |TAMS 0x00000000e0d00000, 0x00000000e0d00000| Untracked 
|  14|0x00000000e0e00000, 0x00000000e0e00000, 0x00000000e0f00000|  0%| F|  |TAMS 0x00000000e0e00000, 0x00000000e0e00000| Untracked 
|  15|0x00000000e0f00000, 0x00000000e0f00000, 0x00000000e1000000|  0%| F|  |TAMS 0x00000000e0f00000, 0x00000000e0f00000| Untracked 
|  16|0x00000000e1000000, 0x00000000e1000000, 0x00000000e1100000|  0%| F|  |TAMS 0x00000000e1000000, 0x00000000e1000000| Untracked 
|  17|0x00000000e1100000, 0x00000000e1100000, 0x00000000e1200000|  0%| F|  |TAMS 0x00000000e1100000, 0x00000000e1100000| Untracked 
|  18|0x00000000e1200000, 0x00000000e1200000, 0x00000000e1300000|  0%| F|  |TAMS 0x00000000e1200000, 0x00000000e1200000| Untracked 
|  19|0x00000000e1300000, 0x00000000e1300000, 0x00000000e1400000|  0%| F|  |TAMS 0x00000000e1300000, 0x00000000e1300000| Untracked 
|  20|0x00000000e1400000, 0x00000000e1400000, 0x00000000e1500000|  0%| F|  |TAMS 0x00000000e1400000, 0x00000000e1400000| Untracked 
|  21|0x00000000e1500000, 0x00000000e1500000, 0x00000000e1600000|  0%| F|  |TAMS 0x00000000e1500000, 0x00000000e1500000| Untracked 
|  22|0x00000000e1600000, 0x00000000e1600000, 0x00000000e1700000|  0%| F|  |TAMS 0x00000000e1600000, 0x00000000e1600000| Untracked 
|  23|0x00000000e1700000, 0x00000000e1700000, 0x00000000e1800000|  0%| F|  |TAMS 0x00000000e1700000, 0x00000000e1700000| Untracked 
|  24|0x00000000e1800000, 0x00000000e1800000, 0x00000000e1900000|  0%| F|  |TAMS 0x00000000e1800000, 0x00000000e1800000| Untracked 
|  25|0x00000000e1900000, 0x00000000e1900000, 0x00000000e1a00000|  0%| F|  |TAMS 0x00000000e1900000, 0x00000000e1900000| Untracked 
|  26|0x00000000e1a00000, 0x00000000e1a00000, 0x00000000e1b00000|  0%| F|  |TAMS 0x00000000e1a00000, 0x00000000e1a00000| Untracked 
|  27|0x00000000e1b00000, 0x00000000e1b00000, 0x00000000e1c00000|  0%| F|  |TAMS 0x00000000e1b00000, 0x00000000e1b00000| Untracked 
|  28|0x00000000e1c00000, 0x00000000e1c00000, 0x00000000e1d00000|  0%| F|  |TAMS 0x00000000e1c00000, 0x00000000e1c00000| Untracked 
|  29|0x00000000e1d00000, 0x00000000e1d00000, 0x00000000e1e00000|  0%| F|  |TAMS 0x00000000e1d00000, 0x00000000e1d00000| Untracked 
|  30|0x00000000e1e00000, 0x00000000e1e00000, 0x00000000e1f00000|  0%| F|  |TAMS 0x00000000e1e00000, 0x00000000e1e00000| Untracked 
|  31|0x00000000e1f00000, 0x00000000e1f00000, 0x00000000e2000000|  0%| F|  |TAMS 0x00000000e1f00000, 0x00000000e1f00000| Untracked 
|  32|0x00000000e2000000, 0x00000000e2000000, 0x00000000e2100000|  0%| F|  |TAMS 0x00000000e2000000, 0x00000000e2000000| Untracked 
|  33|0x00000000e2100000, 0x00000000e2100000, 0x00000000e2200000|  0%| F|  |TAMS 0x00000000e2100000, 0x00000000e2100000| Untracked 
|  34|0x00000000e2200000, 0x00000000e2200000, 0x00000000e2300000|  0%| F|  |TAMS 0x00000000e2200000, 0x00000000e2200000| Untracked 
|  35|0x00000000e2300000, 0x00000000e2300000, 0x00000000e2400000|  0%| F|  |TAMS 0x00000000e2300000, 0x00000000e2300000| Untracked 
|  36|0x00000000e2400000, 0x00000000e2400000, 0x00000000e2500000|  0%| F|  |TAMS 0x00000000e2400000, 0x00000000e2400000| Untracked 
|  37|0x00000000e2500000, 0x00000000e2500000, 0x00000000e2600000|  0%| F|  |TAMS 0x00000000e2500000, 0x00000000e2500000| Untracked 
|  38|0x00000000e2600000, 0x00000000e2600000, 0x00000000e2700000|  0%| F|  |TAMS 0x00000000e2600000, 0x00000000e2600000| Untracked 
|  39|0x00000000e2700000, 0x00000000e2700000, 0x00000000e2800000|  0%| F|  |TAMS 0x00000000e2700000, 0x00000000e2700000| Untracked 
|  40|0x00000000e2800000, 0x00000000e2800000, 0x00000000e2900000|  0%| F|  |TAMS 0x00000000e2800000, 0x00000000e2800000| Untracked 
|  41|0x00000000e2900000, 0x00000000e2900000, 0x00000000e2a00000|  0%| F|  |TAMS 0x00000000e2900000, 0x00000000e2900000| Untracked 
|  42|0x00000000e2a00000, 0x00000000e2a00000, 0x00000000e2b00000|  0%| F|  |TAMS 0x00000000e2a00000, 0x00000000e2a00000| Untracked 
|  43|0x00000000e2b00000, 0x00000000e2b00000, 0x00000000e2c00000|  0%| F|  |TAMS 0x00000000e2b00000, 0x00000000e2b00000| Untracked 
|  44|0x00000000e2c00000, 0x00000000e2c00000, 0x00000000e2d00000|  0%| F|  |TAMS 0x00000000e2c00000, 0x00000000e2c00000| Untracked 
|  45|0x00000000e2d00000, 0x00000000e2d00000, 0x00000000e2e00000|  0%| F|  |TAMS 0x00000000e2d00000, 0x00000000e2d00000| Untracked 
|  46|0x00000000e2e00000, 0x00000000e2e00000, 0x00000000e2f00000|  0%| F|  |TAMS 0x00000000e2e00000, 0x00000000e2e00000| Untracked 
|  47|0x00000000e2f00000, 0x00000000e2f00000, 0x00000000e3000000|  0%| F|  |TAMS 0x00000000e2f00000, 0x00000000e2f00000| Untracked 
|  48|0x00000000e3000000, 0x00000000e3000000, 0x00000000e3100000|  0%| F|  |TAMS 0x00000000e3000000, 0x00000000e3000000| Untracked 
|  49|0x00000000e3100000, 0x00000000e3100000, 0x00000000e3200000|  0%| F|  |TAMS 0x00000000e3100000, 0x00000000e3100000| Untracked 
|  50|0x00000000e3200000, 0x00000000e3200000, 0x00000000e3300000|  0%| F|  |TAMS 0x00000000e3200000, 0x00000000e3200000| Untracked 
|  51|0x00000000e3300000, 0x00000000e3300000, 0x00000000e3400000|  0%| F|  |TAMS 0x00000000e3300000, 0x00000000e3300000| Untracked 
|  52|0x00000000e3400000, 0x00000000e3400000, 0x00000000e3500000|  0%| F|  |TAMS 0x00000000e3400000, 0x00000000e3400000| Untracked 
|  53|0x00000000e3500000, 0x00000000e3500000, 0x00000000e3600000|  0%| F|  |TAMS 0x00000000e3500000, 0x00000000e3500000| Untracked 
|  54|0x00000000e3600000, 0x00000000e3600000, 0x00000000e3700000|  0%| F|  |TAMS 0x00000000e3600000, 0x00000000e3600000| Untracked 
|  55|0x00000000e3700000, 0x00000000e3700000, 0x00000000e3800000|  0%| F|  |TAMS 0x00000000e3700000, 0x00000000e3700000| Untracked 
|  56|0x00000000e3800000, 0x00000000e3800000, 0x00000000e3900000|  0%| F|  |TAMS 0x00000000e3800000, 0x00000000e3800000| Untracked 
|  57|0x00000000e3900000, 0x00000000e3900000, 0x00000000e3a00000|  0%| F|  |TAMS 0x00000000e3900000, 0x00000000e3900000| Untracked 
|  58|0x00000000e3a00000, 0x00000000e3a00000, 0x00000000e3b00000|  0%| F|  |TAMS 0x00000000e3a00000, 0x00000000e3a00000| Untracked 
|  59|0x00000000e3b00000, 0x00000000e3b00000, 0x00000000e3c00000|  0%| F|  |TAMS 0x00000000e3b00000, 0x00000000e3b00000| Untracked 
|  60|0x00000000e3c00000, 0x00000000e3c00000, 0x00000000e3d00000|  0%| F|  |TAMS 0x00000000e3c00000, 0x00000000e3c00000| Untracked 
|  61|0x00000000e3d00000, 0x00000000e3d00000, 0x00000000e3e00000|  0%| F|  |TAMS 0x00000000e3d00000, 0x00000000e3d00000| Untracked 
|  62|0x00000000e3e00000, 0x00000000e3e00000, 0x00000000e3f00000|  0%| F|  |TAMS 0x00000000e3e00000, 0x00000000e3e00000| Untracked 
|  63|0x00000000e3f00000, 0x00000000e3f00000, 0x00000000e4000000|  0%| F|  |TAMS 0x00000000e3f00000, 0x00000000e3f00000| Untracked 
|  64|0x00000000e4000000, 0x00000000e4000000, 0x00000000e4100000|  0%| F|  |TAMS 0x00000000e4000000, 0x00000000e4000000| Untracked 
|  65|0x00000000e4100000, 0x00000000e4100000, 0x00000000e4200000|  0%| F|  |TAMS 0x00000000e4100000, 0x00000000e4100000| Untracked 
|  66|0x00000000e4200000, 0x00000000e4200000, 0x00000000e4300000|  0%| F|  |TAMS 0x00000000e4200000, 0x00000000e4200000| Untracked 
|  67|0x00000000e4300000, 0x00000000e4300000, 0x00000000e4400000|  0%| F|  |TAMS 0x00000000e4300000, 0x00000000e4300000| Untracked 
|  68|0x00000000e4400000, 0x00000000e4400000, 0x00000000e4500000|  0%| F|  |TAMS 0x00000000e4400000, 0x00000000e4400000| Untracked 
|  69|0x00000000e4500000, 0x00000000e4500000, 0x00000000e4600000|  0%| F|  |TAMS 0x00000000e4500000, 0x00000000e4500000| Untracked 
|  70|0x00000000e4600000, 0x00000000e4600000, 0x00000000e4700000|  0%| F|  |TAMS 0x00000000e4600000, 0x00000000e4600000| Untracked 
|  71|0x00000000e4700000, 0x00000000e4700000, 0x00000000e4800000|  0%| F|  |TAMS 0x00000000e4700000, 0x00000000e4700000| Untracked 
|  72|0x00000000e4800000, 0x00000000e4800000, 0x00000000e4900000|  0%| F|  |TAMS 0x00000000e4800000, 0x00000000e4800000| Untracked 
|  73|0x00000000e4900000, 0x00000000e4900000, 0x00000000e4a00000|  0%| F|  |TAMS 0x00000000e4900000, 0x00000000e4900000| Untracked 
|  74|0x00000000e4a00000, 0x00000000e4a00000, 0x00000000e4b00000|  0%| F|  |TAMS 0x00000000e4a00000, 0x00000000e4a00000| Untracked 
|  75|0x00000000e4b00000, 0x00000000e4b00000, 0x00000000e4c00000|  0%| F|  |TAMS 0x00000000e4b00000, 0x00000000e4b00000| Untracked 
|  76|0x00000000e4c00000, 0x00000000e4c00000, 0x00000000e4d00000|  0%| F|  |TAMS 0x00000000e4c00000, 0x00000000e4c00000| Untracked 
|  77|0x00000000e4d00000, 0x00000000e4d00000, 0x00000000e4e00000|  0%| F|  |TAMS 0x00000000e4d00000, 0x00000000e4d00000| Untracked 
|  78|0x00000000e4e00000, 0x00000000e4e00000, 0x00000000e4f00000|  0%| F|  |TAMS 0x00000000e4e00000, 0x00000000e4e00000| Untracked 
|  79|0x00000000e4f00000, 0x00000000e4f00000, 0x00000000e5000000|  0%| F|  |TAMS 0x00000000e4f00000, 0x00000000e4f00000| Untracked 
|  80|0x00000000e5000000, 0x00000000e5000000, 0x00000000e5100000|  0%| F|  |TAMS 0x00000000e5000000, 0x00000000e5000000| Untracked 
|  81|0x00000000e5100000, 0x00000000e5100000, 0x00000000e5200000|  0%| F|  |TAMS 0x00000000e5100000, 0x00000000e5100000| Untracked 
|  82|0x00000000e5200000, 0x00000000e5200000, 0x00000000e5300000|  0%| F|  |TAMS 0x00000000e5200000, 0x00000000e5200000| Untracked 
|  83|0x00000000e5300000, 0x00000000e5300000, 0x00000000e5400000|  0%| F|  |TAMS 0x00000000e5300000, 0x00000000e5300000| Untracked 
|  84|0x00000000e5400000, 0x00000000e5400000, 0x00000000e5500000|  0%| F|  |TAMS 0x00000000e5400000, 0x00000000e5400000| Untracked 
|  85|0x00000000e5500000, 0x00000000e5500000, 0x00000000e5600000|  0%| F|  |TAMS 0x00000000e5500000, 0x00000000e5500000| Untracked 
|  86|0x00000000e5600000, 0x00000000e5600000, 0x00000000e5700000|  0%| F|  |TAMS 0x00000000e5600000, 0x00000000e5600000| Untracked 
|  87|0x00000000e5700000, 0x00000000e5700000, 0x00000000e5800000|  0%| F|  |TAMS 0x00000000e5700000, 0x00000000e5700000| Untracked 
|  88|0x00000000e5800000, 0x00000000e5800000, 0x00000000e5900000|  0%| F|  |TAMS 0x00000000e5800000, 0x00000000e5800000| Untracked 
|  89|0x00000000e5900000, 0x00000000e5900000, 0x00000000e5a00000|  0%| F|  |TAMS 0x00000000e5900000, 0x00000000e5900000| Untracked 
|  90|0x00000000e5a00000, 0x00000000e5a00000, 0x00000000e5b00000|  0%| F|  |TAMS 0x00000000e5a00000, 0x00000000e5a00000| Untracked 
|  91|0x00000000e5b00000, 0x00000000e5b00000, 0x00000000e5c00000|  0%| F|  |TAMS 0x00000000e5b00000, 0x00000000e5b00000| Untracked 
|  92|0x00000000e5c00000, 0x00000000e5c00000, 0x00000000e5d00000|  0%| F|  |TAMS 0x00000000e5c00000, 0x00000000e5c00000| Untracked 
|  93|0x00000000e5d00000, 0x00000000e5d00000, 0x00000000e5e00000|  0%| F|  |TAMS 0x00000000e5d00000, 0x00000000e5d00000| Untracked 
|  94|0x00000000e5e00000, 0x00000000e5e00000, 0x00000000e5f00000|  0%| F|  |TAMS 0x00000000e5e00000, 0x00000000e5e00000| Untracked 
|  95|0x00000000e5f00000, 0x00000000e5f00000, 0x00000000e6000000|  0%| F|  |TAMS 0x00000000e5f00000, 0x00000000e5f00000| Untracked 
|  96|0x00000000e6000000, 0x00000000e6000000, 0x00000000e6100000|  0%| F|  |TAMS 0x00000000e6000000, 0x00000000e6000000| Untracked 
|  97|0x00000000e6100000, 0x00000000e6100000, 0x00000000e6200000|  0%| F|  |TAMS 0x00000000e6100000, 0x00000000e6100000| Untracked 
|  98|0x00000000e6200000, 0x00000000e6200000, 0x00000000e6300000|  0%| F|  |TAMS 0x00000000e6200000, 0x00000000e6200000| Untracked 
|  99|0x00000000e6300000, 0x00000000e6300000, 0x00000000e6400000|  0%| F|  |TAMS 0x00000000e6300000, 0x00000000e6300000| Untracked 
| 100|0x00000000e6400000, 0x00000000e6400000, 0x00000000e6500000|  0%| F|  |TAMS 0x00000000e6400000, 0x00000000e6400000| Untracked 
| 101|0x00000000e6500000, 0x00000000e6500000, 0x00000000e6600000|  0%| F|  |TAMS 0x00000000e6500000, 0x00000000e6500000| Untracked 
| 102|0x00000000e6600000, 0x00000000e6600000, 0x00000000e6700000|  0%| F|  |TAMS 0x00000000e6600000, 0x00000000e6600000| Untracked 
| 103|0x00000000e6700000, 0x00000000e6700000, 0x00000000e6800000|  0%| F|  |TAMS 0x00000000e6700000, 0x00000000e6700000| Untracked 
| 104|0x00000000e6800000, 0x00000000e6800000, 0x00000000e6900000|  0%| F|  |TAMS 0x00000000e6800000, 0x00000000e6800000| Untracked 
| 105|0x00000000e6900000, 0x00000000e6900000, 0x00000000e6a00000|  0%| F|  |TAMS 0x00000000e6900000, 0x00000000e6900000| Untracked 
| 106|0x00000000e6a00000, 0x00000000e6a00000, 0x00000000e6b00000|  0%| F|  |TAMS 0x00000000e6a00000, 0x00000000e6a00000| Untracked 
| 107|0x00000000e6b00000, 0x00000000e6b00000, 0x00000000e6c00000|  0%| F|  |TAMS 0x00000000e6b00000, 0x00000000e6b00000| Untracked 
| 108|0x00000000e6c00000, 0x00000000e6c00000, 0x00000000e6d00000|  0%| F|  |TAMS 0x00000000e6c00000, 0x00000000e6c00000| Untracked 
| 109|0x00000000e6d00000, 0x00000000e6d00000, 0x00000000e6e00000|  0%| F|  |TAMS 0x00000000e6d00000, 0x00000000e6d00000| Untracked 
| 110|0x00000000e6e00000, 0x00000000e6e00000, 0x00000000e6f00000|  0%| F|  |TAMS 0x00000000e6e00000, 0x00000000e6e00000| Untracked 
| 111|0x00000000e6f00000, 0x00000000e6f00000, 0x00000000e7000000|  0%| F|  |TAMS 0x00000000e6f00000, 0x00000000e6f00000| Untracked 
| 112|0x00000000e7000000, 0x00000000e7000000, 0x00000000e7100000|  0%| F|  |TAMS 0x00000000e7000000, 0x00000000e7000000| Untracked 
| 113|0x00000000e7100000, 0x00000000e7100000, 0x00000000e7200000|  0%| F|  |TAMS 0x00000000e7100000, 0x00000000e7100000| Untracked 
| 114|0x00000000e7200000, 0x00000000e7200000, 0x00000000e7300000|  0%| F|  |TAMS 0x00000000e7200000, 0x00000000e7200000| Untracked 
| 115|0x00000000e7300000, 0x00000000e7300000, 0x00000000e7400000|  0%| F|  |TAMS 0x00000000e7300000, 0x00000000e7300000| Untracked 
| 116|0x00000000e7400000, 0x00000000e7400000, 0x00000000e7500000|  0%| F|  |TAMS 0x00000000e7400000, 0x00000000e7400000| Untracked 
| 117|0x00000000e7500000, 0x00000000e7500000, 0x00000000e7600000|  0%| F|  |TAMS 0x00000000e7500000, 0x00000000e7500000| Untracked 
| 118|0x00000000e7600000, 0x00000000e7600000, 0x00000000e7700000|  0%| F|  |TAMS 0x00000000e7600000, 0x00000000e7600000| Untracked 
| 119|0x00000000e7700000, 0x00000000e7700000, 0x00000000e7800000|  0%| F|  |TAMS 0x00000000e7700000, 0x00000000e7700000| Untracked 
| 120|0x00000000e7800000, 0x00000000e7800000, 0x00000000e7900000|  0%| F|  |TAMS 0x00000000e7800000, 0x00000000e7800000| Untracked 
| 121|0x00000000e7900000, 0x00000000e7900000, 0x00000000e7a00000|  0%| F|  |TAMS 0x00000000e7900000, 0x00000000e7900000| Untracked 
| 122|0x00000000e7a00000, 0x00000000e7a00000, 0x00000000e7b00000|  0%| F|  |TAMS 0x00000000e7a00000, 0x00000000e7a00000| Untracked 
| 123|0x00000000e7b00000, 0x00000000e7b00000, 0x00000000e7c00000|  0%| F|  |TAMS 0x00000000e7b00000, 0x00000000e7b00000| Untracked 
| 124|0x00000000e7c00000, 0x00000000e7c00000, 0x00000000e7d00000|  0%| F|  |TAMS 0x00000000e7c00000, 0x00000000e7c00000| Untracked 
| 125|0x00000000e7d00000, 0x00000000e7d00000, 0x00000000e7e00000|  0%| F|  |TAMS 0x00000000e7d00000, 0x00000000e7d00000| Untracked 
| 126|0x00000000e7e00000, 0x00000000e7e00000, 0x00000000e7f00000|  0%| F|  |TAMS 0x00000000e7e00000, 0x00000000e7e00000| Untracked 
| 127|0x00000000e7f00000, 0x00000000e7f00000, 0x00000000e8000000|  0%| F|  |TAMS 0x00000000e7f00000, 0x00000000e7f00000| Untracked 
| 128|0x00000000e8000000, 0x00000000e8000000, 0x00000000e8100000|  0%| F|  |TAMS 0x00000000e8000000, 0x00000000e8000000| Untracked 
| 129|0x00000000e8100000, 0x00000000e8100000, 0x00000000e8200000|  0%| F|  |TAMS 0x00000000e8100000, 0x00000000e8100000| Untracked 
| 130|0x00000000e8200000, 0x00000000e8200000, 0x00000000e8300000|  0%| F|  |TAMS 0x00000000e8200000, 0x00000000e8200000| Untracked 
| 131|0x00000000e8300000, 0x00000000e8300000, 0x00000000e8400000|  0%| F|  |TAMS 0x00000000e8300000, 0x00000000e8300000| Untracked 
| 132|0x00000000e8400000, 0x00000000e8400000, 0x00000000e8500000|  0%| F|  |TAMS 0x00000000e8400000, 0x00000000e8400000| Untracked 
| 133|0x00000000e8500000, 0x00000000e8500000, 0x00000000e8600000|  0%| F|  |TAMS 0x00000000e8500000, 0x00000000e8500000| Untracked 
| 134|0x00000000e8600000, 0x00000000e8600000, 0x00000000e8700000|  0%| F|  |TAMS 0x00000000e8600000, 0x00000000e8600000| Untracked 
| 135|0x00000000e8700000, 0x00000000e8700000, 0x00000000e8800000|  0%| F|  |TAMS 0x00000000e8700000, 0x00000000e8700000| Untracked 
| 136|0x00000000e8800000, 0x00000000e8800000, 0x00000000e8900000|  0%| F|  |TAMS 0x00000000e8800000, 0x00000000e8800000| Untracked 
| 137|0x00000000e8900000, 0x00000000e8900000, 0x00000000e8a00000|  0%| F|  |TAMS 0x00000000e8900000, 0x00000000e8900000| Untracked 
| 138|0x00000000e8a00000, 0x00000000e8a00000, 0x00000000e8b00000|  0%| F|  |TAMS 0x00000000e8a00000, 0x00000000e8a00000| Untracked 
| 139|0x00000000e8b00000, 0x00000000e8b00000, 0x00000000e8c00000|  0%| F|  |TAMS 0x00000000e8b00000, 0x00000000e8b00000| Untracked 
| 140|0x00000000e8c00000, 0x00000000e8c06498, 0x00000000e8d00000|  2%| S|CS|TAMS 0x00000000e8c00000, 0x00000000e8c00000| Complete 
| 141|0x00000000e8d00000, 0x00000000e8e00000, 0x00000000e8e00000|100%| S|CS|TAMS 0x00000000e8d00000, 0x00000000e8d00000| Complete 
| 142|0x00000000e8e00000, 0x00000000e8f00000, 0x00000000e8f00000|100%| S|CS|TAMS 0x00000000e8e00000, 0x00000000e8e00000| Complete 
| 143|0x00000000e8f00000, 0x00000000e9000000, 0x00000000e9000000|100%| S|CS|TAMS 0x00000000e8f00000, 0x00000000e8f00000| Complete 
| 144|0x00000000e9000000, 0x00000000e9100000, 0x00000000e9100000|100%| S|CS|TAMS 0x00000000e9000000, 0x00000000e9000000| Complete 
| 145|0x00000000e9100000, 0x00000000e9200000, 0x00000000e9200000|100%| S|CS|TAMS 0x00000000e9100000, 0x00000000e9100000| Complete 
| 146|0x00000000e9200000, 0x00000000e9300000, 0x00000000e9300000|100%| S|CS|TAMS 0x00000000e9200000, 0x00000000e9200000| Complete 
| 147|0x00000000e9300000, 0x00000000e9400000, 0x00000000e9400000|100%| S|CS|TAMS 0x00000000e9300000, 0x00000000e9300000| Complete 
| 148|0x00000000e9400000, 0x00000000e9500000, 0x00000000e9500000|100%| S|CS|TAMS 0x00000000e9400000, 0x00000000e9400000| Complete 
| 149|0x00000000e9500000, 0x00000000e9600000, 0x00000000e9600000|100%| S|CS|TAMS 0x00000000e9500000, 0x00000000e9500000| Complete 
| 150|0x00000000e9600000, 0x00000000e9700000, 0x00000000e9700000|100%| S|CS|TAMS 0x00000000e9600000, 0x00000000e9600000| Complete 
| 151|0x00000000e9700000, 0x00000000e9700000, 0x00000000e9800000|  0%| F|  |TAMS 0x00000000e9700000, 0x00000000e9700000| Untracked 
| 152|0x00000000e9800000, 0x00000000e9800000, 0x00000000e9900000|  0%| F|  |TAMS 0x00000000e9800000, 0x00000000e9800000| Untracked 
| 153|0x00000000e9900000, 0x00000000e9900000, 0x00000000e9a00000|  0%| F|  |TAMS 0x00000000e9900000, 0x00000000e9900000| Untracked 
| 154|0x00000000e9a00000, 0x00000000e9a00000, 0x00000000e9b00000|  0%| F|  |TAMS 0x00000000e9a00000, 0x00000000e9a00000| Untracked 
| 155|0x00000000e9b00000, 0x00000000e9b00000, 0x00000000e9c00000|  0%| F|  |TAMS 0x00000000e9b00000, 0x00000000e9b00000| Untracked 
| 156|0x00000000e9c00000, 0x00000000e9c00000, 0x00000000e9d00000|  0%| F|  |TAMS 0x00000000e9c00000, 0x00000000e9c00000| Untracked 
| 157|0x00000000e9d00000, 0x00000000e9d00000, 0x00000000e9e00000|  0%| F|  |TAMS 0x00000000e9d00000, 0x00000000e9d00000| Untracked 
| 158|0x00000000e9e00000, 0x00000000e9e00000, 0x00000000e9f00000|  0%| F|  |TAMS 0x00000000e9e00000, 0x00000000e9e00000| Untracked 
| 159|0x00000000e9f00000, 0x00000000e9f00000, 0x00000000ea000000|  0%| F|  |TAMS 0x00000000e9f00000, 0x00000000e9f00000| Untracked 
| 160|0x00000000ea000000, 0x00000000ea000000, 0x00000000ea100000|  0%| F|  |TAMS 0x00000000ea000000, 0x00000000ea000000| Untracked 
| 161|0x00000000ea100000, 0x00000000ea100000, 0x00000000ea200000|  0%| F|  |TAMS 0x00000000ea100000, 0x00000000ea100000| Untracked 
| 162|0x00000000ea200000, 0x00000000ea200000, 0x00000000ea300000|  0%| F|  |TAMS 0x00000000ea200000, 0x00000000ea200000| Untracked 
| 163|0x00000000ea300000, 0x00000000ea300000, 0x00000000ea400000|  0%| F|  |TAMS 0x00000000ea300000, 0x00000000ea300000| Untracked 
| 164|0x00000000ea400000, 0x00000000ea400000, 0x00000000ea500000|  0%| F|  |TAMS 0x00000000ea400000, 0x00000000ea400000| Untracked 
| 165|0x00000000ea500000, 0x00000000ea500000, 0x00000000ea600000|  0%| F|  |TAMS 0x00000000ea500000, 0x00000000ea500000| Untracked 
| 166|0x00000000ea600000, 0x00000000ea600000, 0x00000000ea700000|  0%| F|  |TAMS 0x00000000ea600000, 0x00000000ea600000| Untracked 
| 167|0x00000000ea700000, 0x00000000ea700000, 0x00000000ea800000|  0%| F|  |TAMS 0x00000000ea700000, 0x00000000ea700000| Untracked 
| 168|0x00000000ea800000, 0x00000000ea800000, 0x00000000ea900000|  0%| F|  |TAMS 0x00000000ea800000, 0x00000000ea800000| Untracked 
| 169|0x00000000ea900000, 0x00000000ea900000, 0x00000000eaa00000|  0%| F|  |TAMS 0x00000000ea900000, 0x00000000ea900000| Untracked 
| 170|0x00000000eaa00000, 0x00000000eaa00000, 0x00000000eab00000|  0%| F|  |TAMS 0x00000000eaa00000, 0x00000000eaa00000| Untracked 
| 171|0x00000000eab00000, 0x00000000eab00000, 0x00000000eac00000|  0%| F|  |TAMS 0x00000000eab00000, 0x00000000eab00000| Untracked 
| 172|0x00000000eac00000, 0x00000000eac00000, 0x00000000ead00000|  0%| F|  |TAMS 0x00000000eac00000, 0x00000000eac00000| Untracked 
| 173|0x00000000ead00000, 0x00000000ead00000, 0x00000000eae00000|  0%| F|  |TAMS 0x00000000ead00000, 0x00000000ead00000| Untracked 
| 174|0x00000000eae00000, 0x00000000eae00000, 0x00000000eaf00000|  0%| F|  |TAMS 0x00000000eae00000, 0x00000000eae00000| Untracked 
| 175|0x00000000eaf00000, 0x00000000eaf00000, 0x00000000eb000000|  0%| F|  |TAMS 0x00000000eaf00000, 0x00000000eaf00000| Untracked 
| 176|0x00000000eb000000, 0x00000000eb000000, 0x00000000eb100000|  0%| F|  |TAMS 0x00000000eb000000, 0x00000000eb000000| Untracked 
| 177|0x00000000eb100000, 0x00000000eb100000, 0x00000000eb200000|  0%| F|  |TAMS 0x00000000eb100000, 0x00000000eb100000| Untracked 
| 178|0x00000000eb200000, 0x00000000eb200000, 0x00000000eb300000|  0%| F|  |TAMS 0x00000000eb200000, 0x00000000eb200000| Untracked 
| 179|0x00000000eb300000, 0x00000000eb380800, 0x00000000eb400000| 50%| E|  |TAMS 0x00000000eb300000, 0x00000000eb300000| Complete 
| 180|0x00000000eb400000, 0x00000000eb500000, 0x00000000eb500000|100%| E|CS|TAMS 0x00000000eb400000, 0x00000000eb400000| Complete 
| 181|0x00000000eb500000, 0x00000000eb600000, 0x00000000eb600000|100%| E|CS|TAMS 0x00000000eb500000, 0x00000000eb500000| Complete 
| 182|0x00000000eb600000, 0x00000000eb700000, 0x00000000eb700000|100%| E|CS|TAMS 0x00000000eb600000, 0x00000000eb600000| Complete 
| 183|0x00000000eb700000, 0x00000000eb800000, 0x00000000eb800000|100%| E|CS|TAMS 0x00000000eb700000, 0x00000000eb700000| Complete 
| 184|0x00000000eb800000, 0x00000000eb900000, 0x00000000eb900000|100%| E|CS|TAMS 0x00000000eb800000, 0x00000000eb800000| Complete 
| 185|0x00000000eb900000, 0x00000000eba00000, 0x00000000eba00000|100%| E|CS|TAMS 0x00000000eb900000, 0x00000000eb900000| Complete 
| 186|0x00000000eba00000, 0x00000000ebb00000, 0x00000000ebb00000|100%| E|CS|TAMS 0x00000000eba00000, 0x00000000eba00000| Complete 
| 187|0x00000000ebb00000, 0x00000000ebc00000, 0x00000000ebc00000|100%| E|CS|TAMS 0x00000000ebb00000, 0x00000000ebb00000| Complete 
| 188|0x00000000ebc00000, 0x00000000ebd00000, 0x00000000ebd00000|100%| E|CS|TAMS 0x00000000ebc00000, 0x00000000ebc00000| Complete 
| 189|0x00000000ebd00000, 0x00000000ebe00000, 0x00000000ebe00000|100%| E|CS|TAMS 0x00000000ebd00000, 0x00000000ebd00000| Complete 
| 190|0x00000000ebe00000, 0x00000000ebf00000, 0x00000000ebf00000|100%| E|CS|TAMS 0x00000000ebe00000, 0x00000000ebe00000| Complete 
| 191|0x00000000ebf00000, 0x00000000ec000000, 0x00000000ec000000|100%| E|CS|TAMS 0x00000000ebf00000, 0x00000000ebf00000| Complete 
| 192|0x00000000ec000000, 0x00000000ec100000, 0x00000000ec100000|100%| E|CS|TAMS 0x00000000ec000000, 0x00000000ec000000| Complete 
| 193|0x00000000ec100000, 0x00000000ec200000, 0x00000000ec200000|100%| E|CS|TAMS 0x00000000ec100000, 0x00000000ec100000| Complete 
| 194|0x00000000ec200000, 0x00000000ec300000, 0x00000000ec300000|100%| E|CS|TAMS 0x00000000ec200000, 0x00000000ec200000| Complete 
| 195|0x00000000ec300000, 0x00000000ec400000, 0x00000000ec400000|100%| E|CS|TAMS 0x00000000ec300000, 0x00000000ec300000| Complete 
| 196|0x00000000ec400000, 0x00000000ec500000, 0x00000000ec500000|100%| E|CS|TAMS 0x00000000ec400000, 0x00000000ec400000| Complete 
| 197|0x00000000ec500000, 0x00000000ec600000, 0x00000000ec600000|100%| E|CS|TAMS 0x00000000ec500000, 0x00000000ec500000| Complete 
| 198|0x00000000ec600000, 0x00000000ec700000, 0x00000000ec700000|100%| E|CS|TAMS 0x00000000ec600000, 0x00000000ec600000| Complete 
| 199|0x00000000ec700000, 0x00000000ec800000, 0x00000000ec800000|100%| E|CS|TAMS 0x00000000ec700000, 0x00000000ec700000| Complete 
| 200|0x00000000ec800000, 0x00000000ec900000, 0x00000000ec900000|100%| E|CS|TAMS 0x00000000ec800000, 0x00000000ec800000| Complete 
| 201|0x00000000ec900000, 0x00000000eca00000, 0x00000000eca00000|100%| E|CS|TAMS 0x00000000ec900000, 0x00000000ec900000| Complete 
| 202|0x00000000eca00000, 0x00000000ecb00000, 0x00000000ecb00000|100%| E|CS|TAMS 0x00000000eca00000, 0x00000000eca00000| Complete 
| 203|0x00000000ecb00000, 0x00000000ecc00000, 0x00000000ecc00000|100%| E|CS|TAMS 0x00000000ecb00000, 0x00000000ecb00000| Complete 
| 204|0x00000000ecc00000, 0x00000000ecd00000, 0x00000000ecd00000|100%| E|CS|TAMS 0x00000000ecc00000, 0x00000000ecc00000| Complete 
| 205|0x00000000ecd00000, 0x00000000ece00000, 0x00000000ece00000|100%| E|CS|TAMS 0x00000000ecd00000, 0x00000000ecd00000| Complete 
| 206|0x00000000ece00000, 0x00000000ecf00000, 0x00000000ecf00000|100%| E|CS|TAMS 0x00000000ece00000, 0x00000000ece00000| Complete 
| 207|0x00000000ecf00000, 0x00000000ed000000, 0x00000000ed000000|100%| E|CS|TAMS 0x00000000ecf00000, 0x00000000ecf00000| Complete 
| 208|0x00000000ed000000, 0x00000000ed100000, 0x00000000ed100000|100%| E|CS|TAMS 0x00000000ed000000, 0x00000000ed000000| Complete 
| 209|0x00000000ed100000, 0x00000000ed200000, 0x00000000ed200000|100%| E|CS|TAMS 0x00000000ed100000, 0x00000000ed100000| Complete 
| 210|0x00000000ed200000, 0x00000000ed300000, 0x00000000ed300000|100%| E|CS|TAMS 0x00000000ed200000, 0x00000000ed200000| Complete 
| 211|0x00000000ed300000, 0x00000000ed400000, 0x00000000ed400000|100%| E|CS|TAMS 0x00000000ed300000, 0x00000000ed300000| Complete 
| 212|0x00000000ed400000, 0x00000000ed500000, 0x00000000ed500000|100%| E|CS|TAMS 0x00000000ed400000, 0x00000000ed400000| Complete 
| 213|0x00000000ed500000, 0x00000000ed600000, 0x00000000ed600000|100%| E|CS|TAMS 0x00000000ed500000, 0x00000000ed500000| Complete 
| 214|0x00000000ed600000, 0x00000000ed700000, 0x00000000ed700000|100%| E|CS|TAMS 0x00000000ed600000, 0x00000000ed600000| Complete 
| 215|0x00000000ed700000, 0x00000000ed800000, 0x00000000ed800000|100%| E|CS|TAMS 0x00000000ed700000, 0x00000000ed700000| Complete 
| 216|0x00000000ed800000, 0x00000000ed900000, 0x00000000ed900000|100%| E|CS|TAMS 0x00000000ed800000, 0x00000000ed800000| Complete 
| 217|0x00000000ed900000, 0x00000000eda00000, 0x00000000eda00000|100%| E|CS|TAMS 0x00000000ed900000, 0x00000000ed900000| Complete 
| 218|0x00000000eda00000, 0x00000000edb00000, 0x00000000edb00000|100%| E|CS|TAMS 0x00000000eda00000, 0x00000000eda00000| Complete 
| 219|0x00000000edb00000, 0x00000000edc00000, 0x00000000edc00000|100%| E|CS|TAMS 0x00000000edb00000, 0x00000000edb00000| Complete 
| 220|0x00000000edc00000, 0x00000000edd00000, 0x00000000edd00000|100%| E|CS|TAMS 0x00000000edc00000, 0x00000000edc00000| Complete 
| 221|0x00000000edd00000, 0x00000000ede00000, 0x00000000ede00000|100%| E|CS|TAMS 0x00000000edd00000, 0x00000000edd00000| Complete 
| 222|0x00000000ede00000, 0x00000000edf00000, 0x00000000edf00000|100%| E|CS|TAMS 0x00000000ede00000, 0x00000000ede00000| Complete 
| 223|0x00000000edf00000, 0x00000000ee000000, 0x00000000ee000000|100%| E|CS|TAMS 0x00000000edf00000, 0x00000000edf00000| Complete 
| 224|0x00000000ee000000, 0x00000000ee100000, 0x00000000ee100000|100%| E|CS|TAMS 0x00000000ee000000, 0x00000000ee000000| Complete 
| 225|0x00000000ee100000, 0x00000000ee200000, 0x00000000ee200000|100%| E|CS|TAMS 0x00000000ee100000, 0x00000000ee100000| Complete 
| 226|0x00000000ee200000, 0x00000000ee300000, 0x00000000ee300000|100%| E|CS|TAMS 0x00000000ee200000, 0x00000000ee200000| Complete 
| 227|0x00000000ee300000, 0x00000000ee400000, 0x00000000ee400000|100%| E|CS|TAMS 0x00000000ee300000, 0x00000000ee300000| Complete 
| 228|0x00000000ee400000, 0x00000000ee500000, 0x00000000ee500000|100%| E|CS|TAMS 0x00000000ee400000, 0x00000000ee400000| Complete 
| 229|0x00000000ee500000, 0x00000000ee600000, 0x00000000ee600000|100%| E|CS|TAMS 0x00000000ee500000, 0x00000000ee500000| Complete 
| 230|0x00000000ee600000, 0x00000000ee700000, 0x00000000ee700000|100%| E|CS|TAMS 0x00000000ee600000, 0x00000000ee600000| Complete 
| 231|0x00000000ee700000, 0x00000000ee800000, 0x00000000ee800000|100%| E|CS|TAMS 0x00000000ee700000, 0x00000000ee700000| Complete 
| 232|0x00000000ee800000, 0x00000000ee900000, 0x00000000ee900000|100%| E|CS|TAMS 0x00000000ee800000, 0x00000000ee800000| Complete 
| 233|0x00000000ee900000, 0x00000000eea00000, 0x00000000eea00000|100%| E|CS|TAMS 0x00000000ee900000, 0x00000000ee900000| Complete 
| 234|0x00000000eea00000, 0x00000000eeb00000, 0x00000000eeb00000|100%| E|CS|TAMS 0x00000000eea00000, 0x00000000eea00000| Complete 
| 235|0x00000000eeb00000, 0x00000000eec00000, 0x00000000eec00000|100%| E|CS|TAMS 0x00000000eeb00000, 0x00000000eeb00000| Complete 
| 236|0x00000000eec00000, 0x00000000eed00000, 0x00000000eed00000|100%| E|CS|TAMS 0x00000000eec00000, 0x00000000eec00000| Complete 
| 237|0x00000000eed00000, 0x00000000eee00000, 0x00000000eee00000|100%| E|CS|TAMS 0x00000000eed00000, 0x00000000eed00000| Complete 
| 238|0x00000000eee00000, 0x00000000eef00000, 0x00000000eef00000|100%| E|CS|TAMS 0x00000000eee00000, 0x00000000eee00000| Complete 
| 239|0x00000000eef00000, 0x00000000ef000000, 0x00000000ef000000|100%| E|CS|TAMS 0x00000000eef00000, 0x00000000eef00000| Complete 
| 240|0x00000000ef000000, 0x00000000ef100000, 0x00000000ef100000|100%| E|CS|TAMS 0x00000000ef000000, 0x00000000ef000000| Complete 
| 241|0x00000000ef100000, 0x00000000ef200000, 0x00000000ef200000|100%| E|CS|TAMS 0x00000000ef100000, 0x00000000ef100000| Complete 
| 242|0x00000000ef200000, 0x00000000ef300000, 0x00000000ef300000|100%| E|CS|TAMS 0x00000000ef200000, 0x00000000ef200000| Complete 
| 243|0x00000000ef300000, 0x00000000ef400000, 0x00000000ef400000|100%| E|CS|TAMS 0x00000000ef300000, 0x00000000ef300000| Complete 
| 244|0x00000000ef400000, 0x00000000ef500000, 0x00000000ef500000|100%| E|CS|TAMS 0x00000000ef400000, 0x00000000ef400000| Complete 
| 245|0x00000000ef500000, 0x00000000ef600000, 0x00000000ef600000|100%| E|CS|TAMS 0x00000000ef500000, 0x00000000ef500000| Complete 
| 246|0x00000000ef600000, 0x00000000ef700000, 0x00000000ef700000|100%| E|CS|TAMS 0x00000000ef600000, 0x00000000ef600000| Complete 
| 247|0x00000000ef700000, 0x00000000ef800000, 0x00000000ef800000|100%| E|CS|TAMS 0x00000000ef700000, 0x00000000ef700000| Complete 
| 248|0x00000000ef800000, 0x00000000ef900000, 0x00000000ef900000|100%| E|CS|TAMS 0x00000000ef800000, 0x00000000ef800000| Complete 
| 249|0x00000000ef900000, 0x00000000efa00000, 0x00000000efa00000|100%| E|CS|TAMS 0x00000000ef900000, 0x00000000ef900000| Complete 
| 250|0x00000000efa00000, 0x00000000efb00000, 0x00000000efb00000|100%| E|CS|TAMS 0x00000000efa00000, 0x00000000efa00000| Complete 
| 251|0x00000000efb00000, 0x00000000efc00000, 0x00000000efc00000|100%| E|CS|TAMS 0x00000000efb00000, 0x00000000efb00000| Complete 
| 252|0x00000000efc00000, 0x00000000efd00000, 0x00000000efd00000|100%| E|CS|TAMS 0x00000000efc00000, 0x00000000efc00000| Complete 
| 253|0x00000000efd00000, 0x00000000efe00000, 0x00000000efe00000|100%| E|CS|TAMS 0x00000000efd00000, 0x00000000efd00000| Complete 
| 254|0x00000000efe00000, 0x00000000eff00000, 0x00000000eff00000|100%| E|CS|TAMS 0x00000000efe00000, 0x00000000efe00000| Complete 
| 255|0x00000000eff00000, 0x00000000f0000000, 0x00000000f0000000|100%| E|CS|TAMS 0x00000000eff00000, 0x00000000eff00000| Complete 

Card table byte_map: [0x00000208f1fe0000,0x00000208f20e0000] _byte_map_base: 0x00000208f18e0000

Marking Bits (Prev, Next): (CMBitMap*) 0x00000208e7ece610, (CMBitMap*) 0x00000208e7ece5d0
 Prev Bits: [0x00000208f29e0000, 0x00000208f31e0000)
 Next Bits: [0x00000208f21e0000, 0x00000208f29e0000)

Polling page: 0x00000208e7f80000

Metaspace:

Usage:
  Non-class:     27.54 MB capacity,    27.19 MB ( 99%) used,   313.31 KB (  1%) free+waste,    42.88 KB ( <1%) overhead. 
      Class:      4.38 MB capacity,     4.20 MB ( 96%) used,   173.65 KB (  4%) free+waste,    18.44 KB ( <1%) overhead. 
       Both:     31.92 MB capacity,    31.38 MB ( 98%) used,   486.96 KB (  1%) free+waste,    61.31 KB ( <1%) overhead. 

Virtual space:
  Non-class space:       28.00 MB reserved,      27.67 MB ( 99%) committed 
      Class space:      248.00 MB reserved,       4.50 MB (  2%) committed 
             Both:      276.00 MB reserved,      32.17 MB ( 12%) committed 

Chunk freelists:
   Non-Class:  12.00 KB
       Class:  22.00 KB
        Both:  34.00 KB

MaxMetaspaceSize: 256.00 MB
CompressedClassSpaceSize: 248.00 MB

CodeHeap 'non-profiled nmethods': size=120000Kb used=2264Kb max_used=2264Kb free=117735Kb
 bounds [0x0000020887ad0000, 0x0000020887d40000, 0x000002088f000000]
CodeHeap 'profiled nmethods': size=120000Kb used=7447Kb max_used=7447Kb free=112552Kb
 bounds [0x00000208805a0000, 0x0000020880cf0000, 0x0000020887ad0000]
CodeHeap 'non-nmethods': size=5760Kb used=2302Kb max_used=2334Kb free=3457Kb
 bounds [0x0000020880000000, 0x0000020880270000, 0x00000208805a0000]
 total_blobs=4459 nmethods=3684 adapters=687
 compilation: enabled
              stopped_count=0, restarted_count=0
 full_count=0

Compilation events (20 events):
Event: 12.848 Thread 0x00000208f57dd180 3663       3       java.util.Collections::singletonIterator (9 bytes)
Event: 12.848 Thread 0x00000208f57dd180 nmethod 3663 0x0000020880cde290 code [0x0000020880cde440, 0x0000020880cde698]
Event: 12.848 Thread 0x00000208f57dd180 3664       3       java.util.Collections$1::next (25 bytes)
Event: 12.849 Thread 0x00000208f57dd180 nmethod 3664 0x0000020880cde790 code [0x0000020880cde940, 0x0000020880cdeb48]
Event: 12.849 Thread 0x00000208f57dd180 3665       3       java.lang.ThreadLocal::set (30 bytes)
Event: 12.850 Thread 0x00000208f57dd180 nmethod 3665 0x0000020880cdec10 code [0x0000020880cdede0, 0x0000020880cdf148]
Event: 12.850 Thread 0x00000208f57dd180 3666       3       java.util.Collections$SingletonList::iterator (8 bytes)
Event: 12.850 Thread 0x00000208f57dd180 nmethod 3666 0x0000020880cdf290 code [0x0000020880cdf440, 0x0000020880cdf718]
Event: 12.850 Thread 0x00000208f57dd180 3667       3       org.gradle.internal.instantiation.generator.AsmBackedClassGenerator::access$7700 (4 bytes)
Event: 12.850 Thread 0x00000208f57dd180 nmethod 3667 0x0000020880cdf810 code [0x0000020880cdf9a0, 0x0000020880cdfa98]
Event: 12.851 Thread 0x00000208f57dd180 3668       3       org.gradle.internal.hash.Hashing$MessageDigestHasher::putInt (15 bytes)
Event: 12.852 Thread 0x00000208f57dd180 nmethod 3668 0x0000020880cdfb10 code [0x0000020880cdfd20, 0x0000020880ce0328]
Event: 12.852 Thread 0x00000208f57dd180 3669       3       java.nio.HeapByteBuffer::putInt (31 bytes)
Event: 12.852 Thread 0x00000208f57dd180 nmethod 3669 0x0000020880ce0590 code [0x0000020880ce0780, 0x0000020880ce0c68]
Event: 12.852 Thread 0x00000208f57dd180 3670       3       jdk.internal.misc.Unsafe::putIntUnaligned (79 bytes)
Event: 12.853 Thread 0x00000208f57dd180 nmethod 3670 0x0000020880ce0e90 code [0x0000020880ce1040, 0x0000020880ce13b8]
Event: 12.862 Thread 0x00000208fa09d4b0 3671       4       java.util.AbstractList$Itr::checkForComodification (23 bytes)
Event: 12.863 Thread 0x00000208fa09d4b0 nmethod 3671 0x0000020887d03010 code [0x0000020887d03180, 0x0000020887d03218]
Event: 12.866 Thread 0x00000208fa09d4b0 3672       4       java.nio.HeapByteBuffer::byteOffset (7 bytes)
Event: 12.866 Thread 0x00000208fa09d4b0 nmethod 3672 0x0000020887d03310 code [0x0000020887d03480, 0x0000020887d034f8]

GC Heap History (8 events):
Event: 0.884 GC heap before
{Heap before GC invocations=0 (full 0):
 garbage-first heap   total 262144K, used 15360K [0x00000000e0000000, 0x0000000100000000)
  region size 1024K, 13 young (13312K), 0 survivors (0K)
 Metaspace       used 1154K, capacity 4857K, committed 5120K, reserved 262144K
  class space    used 92K, capacity 467K, committed 512K, reserved 253952K
}
Event: 0.888 GC heap after
{Heap after GC invocations=1 (full 0):
 garbage-first heap   total 262144K, used 3623K [0x00000000e0000000, 0x0000000100000000)
  region size 1024K, 2 young (2048K), 2 survivors (2048K)
 Metaspace       used 1154K, capacity 4857K, committed 5120K, reserved 262144K
  class space    used 92K, capacity 467K, committed 512K, reserved 253952K
}
Event: 2.100 GC heap before
{Heap before GC invocations=1 (full 0):
 garbage-first heap   total 262144K, used 20007K [0x00000000e0000000, 0x0000000100000000)
  region size 1024K, 16 young (16384K), 2 survivors (2048K)
 Metaspace       used 3499K, capacity 6224K, committed 6400K, reserved 262144K
  class space    used 430K, capacity 708K, committed 768K, reserved 253952K
}
Event: 2.105 GC heap after
{Heap after GC invocations=2 (full 0):
 garbage-first heap   total 262144K, used 9924K [0x00000000e0000000, 0x0000000100000000)
  region size 1024K, 2 young (2048K), 2 survivors (2048K)
 Metaspace       used 3499K, capacity 6224K, committed 6400K, reserved 262144K
  class space    used 430K, capacity 708K, committed 768K, reserved 253952K
}
Event: 2.944 GC heap before
{Heap before GC invocations=2 (full 0):
 garbage-first heap   total 262144K, used 31428K [0x00000000e0000000, 0x0000000100000000)
  region size 1024K, 23 young (23552K), 2 survivors (2048K)
 Metaspace       used 4395K, capacity 6739K, committed 7040K, reserved 262144K
  class space    used 526K, capacity 773K, committed 896K, reserved 253952K
}
Event: 2.947 GC heap after
{Heap after GC invocations=3 (full 0):
 garbage-first heap   total 262144K, used 10341K [0x00000000e0000000, 0x0000000100000000)
  region size 1024K, 1 young (1024K), 1 survivors (1024K)
 Metaspace       used 4395K, capacity 6739K, committed 7040K, reserved 262144K
  class space    used 526K, capacity 773K, committed 896K, reserved 253952K
}
Event: 8.426 GC heap before
{Heap before GC invocations=3 (full 0):
 garbage-first heap   total 262144K, used 115813K [0x00000000e0000000, 0x0000000100000000)
  region size 1024K, 105 young (107520K), 1 survivors (1024K)
 Metaspace       used 20770K, capacity 21144K, committed 21296K, reserved 272384K
  class space    used 3010K, capacity 3123K, committed 3200K, reserved 253952K
}
Event: 8.438 GC heap after
{Heap after GC invocations=4 (full 0):
 garbage-first heap   total 262144K, used 19994K [0x00000000e0000000, 0x0000000100000000)
  region size 1024K, 11 young (11264K), 11 survivors (11264K)
 Metaspace       used 20770K, capacity 21144K, committed 21296K, reserved 272384K
  class space    used 3010K, capacity 3123K, committed 3200K, reserved 253952K
}

Deoptimization events (20 events):
Event: 12.128 Thread 0x00000208f7b7e710 Uncommon trap: trap_request=0xffffffbe fr.pc=0x0000020887cdf548 relative=0x0000000000000808
Event: 12.128 Thread 0x00000208f7b7e710 Uncommon trap: reason=profile_predicate action=maybe_recompile pc=0x0000020887cdf548 method=java.lang.PublicMethods$MethodList.filter([Ljava/lang/reflect/Method;Ljava/lang/String;[Ljava/lang/Class;Z)Ljava/lang/PublicMethods$MethodList; @ 21 c2
Event: 12.128 Thread 0x00000208f7b7e710 DEOPT PACKING pc=0x0000020887cdf548 sp=0x000000dad08f8a10
Event: 12.128 Thread 0x00000208f7b7e710 DEOPT UNPACKING pc=0x000002088004e42f sp=0x000000dad08f89c8 mode 2
Event: 12.539 Thread 0x00000208f7b7e710 Uncommon trap: trap_request=0xffffffde fr.pc=0x0000020887cad7ac relative=0x00000000000004cc
Event: 12.539 Thread 0x00000208f7b7e710 Uncommon trap: reason=class_check action=maybe_recompile pc=0x0000020887cad7ac method=java.util.regex.Pattern$Start.match(Ljava/util/regex/Matcher;ILjava/lang/CharSequence;)Z @ 44 c2
Event: 12.539 Thread 0x00000208f7b7e710 DEOPT PACKING pc=0x0000020887cad7ac sp=0x000000dad08f9250
Event: 12.539 Thread 0x00000208f7b7e710 DEOPT UNPACKING pc=0x000002088004e42f sp=0x000000dad08f9118 mode 2
Event: 12.539 Thread 0x00000208f7b7e710 Uncommon trap: trap_request=0xffffffde fr.pc=0x0000020887cad7ac relative=0x00000000000004cc
Event: 12.539 Thread 0x00000208f7b7e710 Uncommon trap: reason=class_check action=maybe_recompile pc=0x0000020887cad7ac method=java.util.regex.Pattern$Start.match(Ljava/util/regex/Matcher;ILjava/lang/CharSequence;)Z @ 44 c2
Event: 12.539 Thread 0x00000208f7b7e710 DEOPT PACKING pc=0x0000020887cad7ac sp=0x000000dad08f9250
Event: 12.539 Thread 0x00000208f7b7e710 DEOPT UNPACKING pc=0x000002088004e42f sp=0x000000dad08f9118 mode 2
Event: 12.540 Thread 0x00000208f7b7e710 Uncommon trap: trap_request=0xffffffde fr.pc=0x0000020887c993c4 relative=0x0000000000000464
Event: 12.540 Thread 0x00000208f7b7e710 Uncommon trap: reason=class_check action=maybe_recompile pc=0x0000020887c993c4 method=java.util.regex.Pattern$Start.match(Ljava/util/regex/Matcher;ILjava/lang/CharSequence;)Z @ 44 c2
Event: 12.540 Thread 0x00000208f7b7e710 DEOPT PACKING pc=0x0000020887c993c4 sp=0x000000dad08f91e0
Event: 12.540 Thread 0x00000208f7b7e710 DEOPT UNPACKING pc=0x000002088004e42f sp=0x000000dad08f9120 mode 2
Event: 12.719 Thread 0x00000208f7b7e710 Uncommon trap: trap_request=0xffffffde fr.pc=0x0000020887cf4f4c relative=0x000000000000152c
Event: 12.719 Thread 0x00000208f7b7e710 Uncommon trap: reason=class_check action=maybe_recompile pc=0x0000020887cf4f4c method=org.codehaus.groovy.reflection.ParameterTypes.getParametersTypes0()V @ 16 c2
Event: 12.719 Thread 0x00000208f7b7e710 DEOPT PACKING pc=0x0000020887cf4f4c sp=0x000000dad08fa550
Event: 12.720 Thread 0x00000208f7b7e710 DEOPT UNPACKING pc=0x000002088004e42f sp=0x000000dad08fa518 mode 2

Classes unloaded (0 events):
No events

Classes redefined (0 events):
No events

Internal exceptions (20 events):
Event: 12.027 Thread 0x00000208f7b7e710 Exception <a 'java/lang/ClassNotFoundException'{0x00000000ebd319f8}: org/gradle/initialization/InitScriptCustomizer> (0x00000000ebd319f8) 
thrown [./open/src/hotspot/share/classfile/systemDictionary.cpp, line 295]
Event: 12.028 Thread 0x00000208f7b7e710 Exception <a 'java/lang/ClassNotFoundException'{0x00000000ebd3f890}: ijmapper_6nmrisih0jsc2p1r9fweosk8jCustomizer> (0x00000000ebd3f890) 
thrown [./open/src/hotspot/share/classfile/systemDictionary.cpp, line 295]
Event: 12.099 Thread 0x00000208f7b7e710 Exception <a 'java/lang/ClassNotFoundException'{0x00000000ebdd6860}: org/gradle/internal/extensibility/DefaultExtraPropertiesExtensionBeanInfo> (0x00000000ebdd6860) 
thrown [./open/src/hotspot/share/classfile/systemDictionary.cpp, line 295]
Event: 12.100 Thread 0x00000208f7b7e710 Exception <a 'java/lang/ClassNotFoundException'{0x00000000ebddff48}: org/gradle/internal/extensibility/DefaultExtraPropertiesExtensionCustomizer> (0x00000000ebddff48) 
thrown [./open/src/hotspot/share/classfile/systemDictionary.cpp, line 295]
Event: 12.310 Thread 0x00000208f7b7e710 Exception <a 'java/lang/ClassNotFoundException'{0x00000000ebb7deb8}: org/gradle/invocation/DefaultGradle_DecoratedBeanInfo> (0x00000000ebb7deb8) 
thrown [./open/src/hotspot/share/classfile/systemDictionary.cpp, line 295]
Event: 12.311 Thread 0x00000208f7b7e710 Exception <a 'java/lang/ClassNotFoundException'{0x00000000ebb8c370}: org/gradle/invocation/DefaultGradleBeanInfo> (0x00000000ebb8c370) 
thrown [./open/src/hotspot/share/classfile/systemDictionary.cpp, line 295]
Event: 12.311 Thread 0x00000208f7b7e710 Exception <a 'java/lang/ClassNotFoundException'{0x00000000ebb9a908}: org/gradle/api/internal/project/AbstractPluginAwareBeanInfo> (0x00000000ebb9a908) 
thrown [./open/src/hotspot/share/classfile/systemDictionary.cpp, line 295]
Event: 12.312 Thread 0x00000208f7b7e710 Exception <a 'java/lang/ClassNotFoundException'{0x00000000ebba8df8}: org/gradle/api/internal/project/AbstractPluginAwareCustomizer> (0x00000000ebba8df8) 
thrown [./open/src/hotspot/share/classfile/systemDictionary.cpp, line 295]
Event: 12.314 Thread 0x00000208f7b7e710 Exception <a 'java/lang/ClassNotFoundException'{0x00000000ebbbd120}: org/gradle/invocation/DefaultGradleCustomizer> (0x00000000ebbbd120) 
thrown [./open/src/hotspot/share/classfile/systemDictionary.cpp, line 295]
Event: 12.323 Thread 0x00000208f7b7e710 Exception <a 'java/lang/ClassNotFoundException'{0x00000000ebbfcd60}: org/gradle/invocation/DefaultGradle_DecoratedCustomizer> (0x00000000ebbfcd60) 
thrown [./open/src/hotspot/share/classfile/systemDictionary.cpp, line 295]
Event: 12.535 Thread 0x00000208f7b7e710 Exception <a 'java/lang/ClassNotFoundException'{0x00000000eb766b80}: groovy/lang/Closure$1BeanInfo> (0x00000000eb766b80) 
thrown [./open/src/hotspot/share/classfile/systemDictionary.cpp, line 295]
Event: 12.537 Thread 0x00000208f7b7e710 Exception <a 'java/lang/ClassNotFoundException'{0x00000000eb788648}: groovy/lang/ClosureBeanInfo> (0x00000000eb788648) 
thrown [./open/src/hotspot/share/classfile/systemDictionary.cpp, line 295]
Event: 12.538 Thread 0x00000208f7b7e710 Exception <a 'java/lang/ClassNotFoundException'{0x00000000eb7a9e30}: groovy/lang/ClosureCustomizer> (0x00000000eb7a9e30) 
thrown [./open/src/hotspot/share/classfile/systemDictionary.cpp, line 295]
Event: 12.543 Thread 0x00000208f7b7e710 Exception <a 'java/lang/ClassNotFoundException'{0x00000000eb7edc78}: groovy/lang/Closure$1Customizer> (0x00000000eb7edc78) 
thrown [./open/src/hotspot/share/classfile/systemDictionary.cpp, line 295]
Event: 12.693 Thread 0x00000208f7b7e710 Exception <a 'java/lang/ClassNotFoundException'{0x00000000eb40cf38}: ijresolvers_pfxzm0hr3epbw6s5xrunulr0BeanInfo> (0x00000000eb40cf38) 
thrown [./open/src/hotspot/share/classfile/systemDictionary.cpp, line 295]
Event: 12.693 Thread 0x00000208f7b7e710 Exception <a 'java/lang/ClassNotFoundException'{0x00000000eb412a88}: ijresolvers_pfxzm0hr3epbw6s5xrunulr0Customizer> (0x00000000eb412a88) 
thrown [./open/src/hotspot/share/classfile/systemDictionary.cpp, line 295]
Event: 12.711 Thread 0x00000208f7b7e710 Exception <a 'java/lang/ClassNotFoundException'{0x00000000eb477258}: SetupUtpTestResultListenerActionBeanInfo> (0x00000000eb477258) 
thrown [./open/src/hotspot/share/classfile/systemDictionary.cpp, line 295]
Event: 12.711 Thread 0x00000208f7b7e710 Exception <a 'java/lang/ClassNotFoundException'{0x00000000eb47d6d8}: SetupUtpTestResultListenerActionCustomizer> (0x00000000eb47d6d8) 
thrown [./open/src/hotspot/share/classfile/systemDictionary.cpp, line 295]
Event: 12.730 Thread 0x00000208f7b7e710 Exception <a 'java/lang/ClassNotFoundException'{0x00000000eb4f4660}: org/gradle/execution/taskgraph/DefaultTaskExecutionGraphBeanInfo> (0x00000000eb4f4660) 
thrown [./open/src/hotspot/share/classfile/systemDictionary.cpp, line 295]
Event: 12.731 Thread 0x00000208f7b7e710 Exception <a 'java/lang/ClassNotFoundException'{0x00000000eb3031e8}: org/gradle/execution/taskgraph/DefaultTaskExecutionGraphCustomizer> (0x00000000eb3031e8) 
thrown [./open/src/hotspot/share/classfile/systemDictionary.cpp, line 295]

Events (20 events):
Event: 11.954 loading class java/util/WeakHashMap$KeyIterator
Event: 11.954 loading class java/util/WeakHashMap$HashIterator
Event: 11.954 loading class java/util/WeakHashMap$HashIterator done
Event: 11.954 loading class java/util/WeakHashMap$KeyIterator done
Event: 12.434 loading class jdk/internal/reflect/UnsafeObjectFieldAccessorImpl
Event: 12.434 loading class jdk/internal/reflect/UnsafeObjectFieldAccessorImpl done
Event: 12.485 loading class sun/reflect/MagicAccessorImpl
Event: 12.485 loading class sun/reflect/MagicAccessorImpl done
Event: 12.543 loading class com/sun/beans/finder/MethodFinder
Event: 12.544 loading class com/sun/beans/finder/AbstractFinder
Event: 12.544 loading class com/sun/beans/finder/AbstractFinder done
Event: 12.544 loading class com/sun/beans/finder/MethodFinder done
Event: 12.544 loading class com/sun/beans/finder/MethodFinder$1
Event: 12.544 loading class com/sun/beans/finder/MethodFinder$1 done
Event: 12.544 loading class com/sun/beans/finder/FinderUtils
Event: 12.544 loading class com/sun/beans/finder/FinderUtils done
Event: 12.620 Thread 0x00000208f8698590 Thread added: 0x00000208f8698590
Event: 12.645 Thread 0x00000208f869b0e0 Thread added: 0x00000208f869b0e0
Event: 12.704 Executing VM operation: ICBufferFull
Event: 12.705 Executing VM operation: ICBufferFull done


Dynamic libraries:
0x00007ff6bc250000 - 0x00007ff6bc25f000 	C:\Program Files\Java\jdk-15.0.1\bin\java.exe
0x00007ff8a5390000 - 0x00007ff8a5588000 	C:\WINDOWS\SYSTEM32\ntdll.dll
0x00007ff8a3c30000 - 0x00007ff8a3cef000 	C:\WINDOWS\System32\KERNEL32.DLL
0x00007ff8a2d90000 - 0x00007ff8a3062000 	C:\WINDOWS\System32\KERNELBASE.dll
0x00007ff8a3070000 - 0x00007ff8a3170000 	C:\WINDOWS\System32\ucrtbase.dll
0x00007ff89d1a0000 - 0x00007ff89d1b8000 	C:\Program Files\Java\jdk-15.0.1\bin\jli.dll
0x00007ff8a4820000 - 0x00007ff8a48ce000 	C:\WINDOWS\System32\ADVAPI32.dll
0x00007ff8a49b0000 - 0x00007ff8a4a4e000 	C:\WINDOWS\System32\msvcrt.dll
0x00007ff8a4a50000 - 0x00007ff8a4aec000 	C:\WINDOWS\System32\sechost.dll
0x00007ff8a3cf0000 - 0x00007ff8a3e15000 	C:\WINDOWS\System32\RPCRT4.dll
0x00007ff8912f0000 - 0x00007ff891309000 	C:\Program Files\Java\jdk-15.0.1\bin\VCRUNTIME140.dll
0x00007ff8a4620000 - 0x00007ff8a47bd000 	C:\WINDOWS\System32\USER32.dll
0x00007ff8a2d60000 - 0x00007ff8a2d82000 	C:\WINDOWS\System32\win32u.dll
0x00007ff8a4220000 - 0x00007ff8a424b000 	C:\WINDOWS\System32\GDI32.dll
0x00007ff8a3170000 - 0x00007ff8a327f000 	C:\WINDOWS\System32\gdi32full.dll
0x00007ff88e690000 - 0x00007ff88e92a000 	C:\WINDOWS\WinSxS\amd64_microsoft.windows.common-controls_6595b64144ccf1df_6.0.19041.1110_none_60b5254171f9507e\COMCTL32.dll
0x00007ff8a2b10000 - 0x00007ff8a2bad000 	C:\WINDOWS\System32\msvcp_win.dll
0x00007ff898620000 - 0x00007ff89862a000 	C:\WINDOWS\SYSTEM32\VERSION.dll
0x00007ff8a4af0000 - 0x00007ff8a4b22000 	C:\WINDOWS\System32\IMM32.DLL
0x00007ff89dff0000 - 0x00007ff89dffc000 	C:\Program Files\Java\jdk-15.0.1\bin\vcruntime140_1.dll
0x00007ff86a6f0000 - 0x00007ff86a781000 	C:\Program Files\Java\jdk-15.0.1\bin\msvcp140.dll
0x00007ff850880000 - 0x00007ff8513de000 	C:\Program Files\Java\jdk-15.0.1\bin\server\jvm.dll
0x00007ff8a35e0000 - 0x00007ff8a35e8000 	C:\WINDOWS\System32\PSAPI.DLL
0x00007ff883540000 - 0x00007ff883549000 	C:\WINDOWS\SYSTEM32\WSOCK32.dll
0x00007ff8a3ed0000 - 0x00007ff8a3f3b000 	C:\WINDOWS\System32\WS2_32.dll
0x00007ff88c410000 - 0x00007ff88c437000 	C:\WINDOWS\SYSTEM32\WINMM.dll
0x00007ff8a0910000 - 0x00007ff8a0922000 	C:\WINDOWS\SYSTEM32\kernel.appcore.dll
0x00007ff89c330000 - 0x00007ff89c33a000 	C:\Program Files\Java\jdk-15.0.1\bin\jimage.dll
0x00007ff898ad0000 - 0x00007ff898cb4000 	C:\WINDOWS\SYSTEM32\DBGHELP.DLL
0x00007ff8988f0000 - 0x00007ff89891c000 	C:\WINDOWS\SYSTEM32\dbgcore.DLL
0x00007ff8a2c60000 - 0x00007ff8a2ce2000 	C:\WINDOWS\System32\bcryptPrimitives.dll
0x00007ff8789e0000 - 0x00007ff878a05000 	C:\Program Files\Java\jdk-15.0.1\bin\java.dll
0x00007ff8a4b50000 - 0x00007ff8a5293000 	C:\WINDOWS\System32\SHELL32.dll
0x00007ff8a0b10000 - 0x00007ff8a12a2000 	C:\WINDOWS\SYSTEM32\windows.storage.dll
0x00007ff8a42c0000 - 0x00007ff8a4614000 	C:\WINDOWS\System32\combase.dll
0x00007ff8a24f0000 - 0x00007ff8a2520000 	C:\WINDOWS\SYSTEM32\Wldp.dll
0x00007ff8a3e20000 - 0x00007ff8a3ecd000 	C:\WINDOWS\System32\SHCORE.dll
0x00007ff8a4950000 - 0x00007ff8a49a5000 	C:\WINDOWS\System32\shlwapi.dll
0x00007ff8a29d0000 - 0x00007ff8a29ef000 	C:\WINDOWS\SYSTEM32\profapi.dll
0x00007ff8912d0000 - 0x00007ff8912e9000 	C:\Program Files\Java\jdk-15.0.1\bin\net.dll
0x00007ff8990b0000 - 0x00007ff8991bc000 	C:\WINDOWS\SYSTEM32\WINHTTP.dll
0x00007ff8a2210000 - 0x00007ff8a227a000 	C:\WINDOWS\system32\mswsock.dll
0x00007ff890ad0000 - 0x00007ff890ae2000 	C:\Program Files\Java\jdk-15.0.1\bin\nio.dll
0x00007ff88f350000 - 0x00007ff88f368000 	C:\Program Files\Java\jdk-15.0.1\bin\zip.dll
0x00007ff89b050000 - 0x00007ff89b060000 	C:\Program Files\Java\jdk-15.0.1\bin\verify.dll
0x00007ff878ad0000 - 0x00007ff878af7000 	C:\Users\qkdlf\.gradle\native\e1d6ef7f7dcc3fd88c89a11ec53ec762bb8ba0a96d01ffa2cd45eb1d1d8dd5c5\windows-amd64\native-platform.dll
0x00007ff85aa40000 - 0x00007ff85ab84000 	C:\Users\qkdlf\.gradle\native\0d407fdbe67a94daf76414ababcb853783967236a71b16ec16e742cd7a986fd3\windows-amd64\native-platform-file-events.dll
0x00007ff899ae0000 - 0x00007ff899ae9000 	C:\Program Files\Java\jdk-15.0.1\bin\management.dll
0x00007ff899380000 - 0x00007ff89938b000 	C:\Program Files\Java\jdk-15.0.1\bin\management_ext.dll
0x00007ff8a2420000 - 0x00007ff8a2438000 	C:\WINDOWS\SYSTEM32\CRYPTSP.dll
0x00007ff8a1ac0000 - 0x00007ff8a1af4000 	C:\WINDOWS\system32\rsaenh.dll
0x00007ff8a2a90000 - 0x00007ff8a2ab7000 	C:\WINDOWS\System32\bcrypt.dll
0x00007ff8a2950000 - 0x00007ff8a297e000 	C:\WINDOWS\SYSTEM32\USERENV.dll
0x00007ff8a2440000 - 0x00007ff8a244c000 	C:\WINDOWS\SYSTEM32\CRYPTBASE.dll
0x00007ff8a1ec0000 - 0x00007ff8a1efb000 	C:\WINDOWS\SYSTEM32\IPHLPAPI.DLL
0x00007ff8a35f0000 - 0x00007ff8a35f8000 	C:\WINDOWS\System32\NSI.dll
0x00007ff898810000 - 0x00007ff898827000 	C:\WINDOWS\SYSTEM32\dhcpcsvc6.DLL
0x00007ff898720000 - 0x00007ff89873d000 	C:\WINDOWS\SYSTEM32\dhcpcsvc.DLL
0x00007ff8a1f00000 - 0x00007ff8a1fca000 	C:\WINDOWS\SYSTEM32\DNSAPI.dll

dbghelp: loaded successfully - version: 4.0.5 - missing functions: none
symbol engine: initialized successfully - sym options: 0x614 - pdb path: .;C:\Program Files\Java\jdk-15.0.1\bin;C:\WINDOWS\SYSTEM32;C:\WINDOWS\WinSxS\amd64_microsoft.windows.common-controls_6595b64144ccf1df_6.0.19041.1110_none_60b5254171f9507e;C:\Program Files\Java\jdk-15.0.1\bin\server;C:\Users\qkdlf\.gradle\native\e1d6ef7f7dcc3fd88c89a11ec53ec762bb8ba0a96d01ffa2cd45eb1d1d8dd5c5\windows-amd64;C:\Users\qkdlf\.gradle\native\0d407fdbe67a94daf76414ababcb853783967236a71b16ec16e742cd7a986fd3\windows-amd64

VM Arguments:
jvm_args: --add-opens=java.base/java.util=ALL-UNNAMED --add-opens=java.base/java.lang=ALL-UNNAMED --add-opens=java.base/java.lang.invoke=ALL-UNNAMED --add-opens=java.base/java.util=ALL-UNNAMED --add-opens=java.prefs/java.util.prefs=ALL-UNNAMED --add-opens=java.prefs/java.util.prefs=ALL-UNNAMED --add-opens=java.base/java.nio.charset=ALL-UNNAMED --add-opens=java.base/java.net=ALL-UNNAMED --add-opens=java.base/java.util.concurrent.atomic=ALL-UNNAMED -XX:MaxMetaspaceSize=256m -XX:+HeapDumpOnOutOfMemoryError -Xms256m -Xmx512m -Dfile.encoding=UTF-8 -Duser.country=KR -Duser.language=ko -Duser.variant 
java_command: org.gradle.launcher.daemon.bootstrap.GradleDaemon 7.5.1
java_class_path (initial): C:\Users\qkdlf\.gradle\wrapper\dists\gradle-7.5.1-bin\7jzzequgds1hbszbhq3npc5ng\gradle-7.5.1\lib\gradle-launcher-7.5.1.jar
Launcher Type: SUN_STANDARD

[Global flags]
     intx CICompilerCount                          = 3                                         {product} {ergonomic}
   size_t CompressedClassSpaceSize                 = 260046848                                 {product} {ergonomic}
     uint ConcGCThreads                            = 1                                         {product} {ergonomic}
     uint G1ConcRefinementThreads                  = 4                                         {product} {ergonomic}
   size_t G1HeapRegionSize                         = 1048576                                   {product} {ergonomic}
    uintx GCDrainStackTargetSize                   = 64                                        {product} {ergonomic}
     bool HeapDumpOnOutOfMemoryError               = true                                   {manageable} {command line}
   size_t InitialHeapSize                          = 268435456                                 {product} {command line}
   size_t MarkStackSize                            = 4194304                                   {product} {ergonomic}
   size_t MaxHeapSize                              = 536870912                                 {product} {command line}
   size_t MaxMetaspaceSize                         = 268435456                                 {product} {command line}
   size_t MaxNewSize                               = 321912832                                 {product} {ergonomic}
   size_t MinHeapDeltaBytes                        = 1048576                                   {product} {ergonomic}
   size_t MinHeapSize                              = 268435456                                 {product} {command line}
    uintx NonNMethodCodeHeapSize                   = 5832780                                {pd product} {ergonomic}
    uintx NonProfiledCodeHeapSize                  = 122912730                              {pd product} {ergonomic}
    uintx ProfiledCodeHeapSize                     = 122912730                              {pd product} {ergonomic}
    uintx ReservedCodeCacheSize                    = 251658240                              {pd product} {ergonomic}
     bool SegmentedCodeCache                       = true                                      {product} {ergonomic}
   size_t SoftMaxHeapSize                          = 536870912                              {manageable} {ergonomic}
     bool UseCompressedClassPointers               = true                                 {lp64_product} {ergonomic}
     bool UseCompressedOops                        = true                                 {lp64_product} {ergonomic}
     bool UseG1GC                                  = true                                      {product} {ergonomic}
     bool UseLargePagesIndividualAllocation        = false                                  {pd product} {ergonomic}

Logging:
Log output configuration:
 #0: stdout all=warning uptime,level,tags
 #1: stderr all=off uptime,level,tags

Environment Variables:
JAVA_HOME=C:\Program Files\Java\jdk-15.0.1
PATH=D:\oracleDatabase\WINDOWS.X64_193000_db_home\bin;C:\xampp\mysql\bin;C:\Program Files (x86)\Windows Resource Kits\Tools\;C:\Users\qkdlf\OneDrive\바탕 화면\tool\spring5\gradle-7.1\bin;C:\Users\qkdlf\OneDrive\바탕 화면\tool\spring5\apache-maven-3.8.1\bin;C:\Program Files\Java\jdk-15.0.1\bin;C:\Program Files\Common Files\Oracle\Java\javapath;C:\Program Files (x86)\Common Files\Oracle\Java\javapath;D:\OracleDatabase\bin;C:\Program Files (x86)\NAT Service;C:\Program Files (x86)\Intel\iCLS Client\;C:\Program Files\Intel\iCLS Client\;C:\windows\system32;C:\windows;C:\windows\System32\Wbem;C:\windows\System32\WindowsPowerShell\v1.0\;C:\Program Files (x86)\NVIDIA Corporation\PhysX\Common;C:\Program Files (x86)\Intel\Intel(R) Management Engine Components\DAL;C:\Program Files\Intel\Intel(R) Management Engine Components\DAL;C:\Program Files (x86)\Intel\Intel(R) Management Engine Components\IPT;C:\Program Files\Intel\Intel(R) Management Engine Components\IPT;C:\Program Files\dotnet\;C:\Program Files\Microsoft SQL Server\130\Tools\Binn\;C:\WINDOWS\system32;C:\WINDOWS;C:\WINDOWS\System32\Wbem;C:\WINDOWS\System32\WindowsPowerShell\v1.0\;C:\WINDOWS\System32\OpenSSH\;C:\Program Files (x86)\PuTTY\;C:\Program Files\nodejs\;C:\Program Files\MySQL\MySQL Server 8.0\bin;C:\Program Files\TortoiseSVN\bin;C:\Program Files\Git\cmd;D:\Ruby27-x64\bin;C:\Users\qkdlf\AppData\Local\Programs\Python\Python38-32\Scripts\;C:\Users\qkdlf\AppData\Local\Programs\Python\Python38-32\;C:\Users\qkdlf\AppData\Local\Microsoft\WindowsApps;C:\Users\qkdlf\AppData\Local\Programs\Microsoft VS Code\bin;C:\Users\qkdlf\AppData\Local\GitHubDesktop\bin;C:\Program Files\Wireshark;C:\Program Files\Bandizip\;D:\MiKTex\miktex\bin\x64\;C:\Users\qkdlf\AppData\Local\Microsoft\WindowsApps;C:\Users\qkdlf\AppData\Roaming\npm
USERNAME=qkdlf
OS=Windows_NT
PROCESSOR_IDENTIFIER=Intel64 Family 6 Model 142 Stepping 9, GenuineIntel



---------------  S Y S T E M  ---------------

OS:
 Windows 10 , 64 bit Build 19041 (10.0.19041.2251)
OS uptime: 5 days 22:09 hours
HyperV virtualization detected

CPU: total 4 (initial active 4) (2 cores per cpu, 2 threads per core) family 6 model 142 stepping 9 microcode 0xb4, cmov, cx8, fxsr, mmx, sse, sse2, sse3, ssse3, sse4.1, sse4.2, popcnt, vzeroupper, avx, avx2, aes, clmul, erms, 3dnowpref, lzcnt, ht, tsc, tscinvbit, bmi1, bmi2, adx, fma, clflush, clflushopt

Memory: 4k page, system-wide physical 8072M (612M free)
TotalPageFile size 32648M (AvailPageFile size 27M)
current process WorkingSet (physical memory assigned to process): 262M, peak: 263M
current process commit charge ("private bytes"): 432M, peak: 435M

vm_info: Java HotSpot(TM) 64-Bit Server VM (15.0.1+9-18) for windows-amd64 JRE (15.0.1+9-18), built on Sep 15 2020 14:43:54 by "mach5one" with unknown MS VC++:1925

END.
